<?xml version="1.0" encoding="UTF-8"?>
<!-- Generated by org.testng.reporters.JUnitXMLReporter -->
<testsuite hostname="VON-2KKF362" ignored="18" name="Test" tests="10" failures="0" timestamp="25 Dec 2018 02:24:13 GMT" time="987.205" errors="0">
  <testcase name="searchDropDown" time="90.566" classname="testCases.SearchDropDown"/>
  <testcase name="tc_1_10_ExportChildCustomerList" time="42.401" classname="testCases.TC_1_10_ExportChildCustomerList"/>
  <testcase name="tc_1_56_TicketMergeVerification" time="266.484" classname="testCases.TC_1_56_TicketMergeVerification"/>
  <testcase name="tc_1_58_VerifyUserAbleToViewUsageHistory" time="35.018" classname="testCases.TC_1_58_VerifyUserAbleToViewUsageHistory"/>
  <testcase name="tC_1_52_DIDs_Displayed_Number_Activation" time="25.378" classname="testCases.TC_1_52_DIDs_Displayed_Number_Activation"/>
  <testcase name="tc_1_100_Sales_Order_Edit" time="103.89" classname="testCases.TC_1_100_Sales_Order_Edit"/>
  <testcase name="tc_1_76_EMAC_price_algorithm" time="85.195" classname="testCases.TC_1_76_EMAC_price_algorithm"/>
  <testcase name="tc_1_77_eICB_Queue" time="23.507" classname="testCases.TC_1_77_EICB_Queue"/>
  <testcase name="bulkEdit" time="25.16" classname="testCases.TC_1_79_Bulk_Edit"/>
  <testcase name="tC_1_80_Verify2NewGroupsUnderGroups_TicketPage" time="90.563" classname="testCases.TC_1_80_Verify2NewGroupsUnderGroups_TicketPage"/>
  <testcase name="@AfterSuite afterSuite" time="0.0" classname="accelerators.TestEngine">
    <ignored/>
  </testcase> <!-- @AfterSuite afterSuite -->
  <testcase name="@AfterSuite afterSuite" time="0.0" classname="accelerators.TestEngine">
    <ignored/>
  </testcase> <!-- @AfterSuite afterSuite -->
  <testcase name="@AfterSuite afterSuite" time="0.0" classname="accelerators.TestEngine">
    <ignored/>
  </testcase> <!-- @AfterSuite afterSuite -->
  <testcase name="@AfterSuite afterSuite" time="0.0" classname="accelerators.TestEngine">
    <ignored/>
  </testcase> <!-- @AfterSuite afterSuite -->
  <testcase name="@AfterSuite afterSuite" time="0.0" classname="accelerators.TestEngine">
    <ignored/>
  </testcase> <!-- @AfterSuite afterSuite -->
  <testcase name="@AfterSuite afterSuite" time="0.0" classname="accelerators.TestEngine">
    <ignored/>
  </testcase> <!-- @AfterSuite afterSuite -->
  <testcase name="@AfterSuite afterSuite" time="0.0" classname="accelerators.TestEngine">
    <ignored/>
  </testcase> <!-- @AfterSuite afterSuite -->
  <testcase name="@AfterSuite afterSuite" time="0.0" classname="accelerators.TestEngine">
    <ignored/>
  </testcase> <!-- @AfterSuite afterSuite -->
  <testcase name="@AfterSuite afterSuite" time="0.0" classname="accelerators.TestEngine">
    <ignored/>
  </testcase> <!-- @AfterSuite afterSuite -->
  <testcase name="@BeforeSuite beforeSuite" time="0.0" classname="accelerators.TestEngine">
    <ignored/>
  </testcase> <!-- @BeforeSuite beforeSuite -->
  <testcase name="@BeforeSuite beforeSuite" time="0.0" classname="accelerators.TestEngine">
    <ignored/>
  </testcase> <!-- @BeforeSuite beforeSuite -->
  <testcase name="@BeforeSuite beforeSuite" time="0.0" classname="accelerators.TestEngine">
    <ignored/>
  </testcase> <!-- @BeforeSuite beforeSuite -->
  <testcase name="@BeforeSuite beforeSuite" time="0.0" classname="accelerators.TestEngine">
    <ignored/>
  </testcase> <!-- @BeforeSuite beforeSuite -->
  <testcase name="@BeforeSuite beforeSuite" time="0.0" classname="accelerators.TestEngine">
    <ignored/>
  </testcase> <!-- @BeforeSuite beforeSuite -->
  <testcase name="@BeforeSuite beforeSuite" time="0.0" classname="accelerators.TestEngine">
    <ignored/>
  </testcase> <!-- @BeforeSuite beforeSuite -->
  <testcase name="@BeforeSuite beforeSuite" time="0.0" classname="accelerators.TestEngine">
    <ignored/>
  </testcase> <!-- @BeforeSuite beforeSuite -->
  <testcase name="@BeforeSuite beforeSuite" time="0.0" classname="accelerators.TestEngine">
    <ignored/>
  </testcase> <!-- @BeforeSuite beforeSuite -->
  <testcase name="@BeforeSuite beforeSuite" time="0.0" classname="accelerators.TestEngine">
    <ignored/>
  </testcase> <!-- @BeforeSuite beforeSuite -->
</testsuite> <!-- Test -->
