<?xml version="1.0" encoding="UTF-8"?>
<!-- Generated by org.testng.reporters.JUnitXMLReporter -->
<testsuite hostname="VON-2KKF362" ignored="16" name="Test" tests="9" failures="0" timestamp="02 Jan 2019 04:10:32 GMT" time="1510.78" errors="0">
  <testcase name="addMac" time="26.771" classname="testCases.TC_1_18_MacProject"/>
  <testcase name="tc_1_2_ReportHighLevelFunctionality" time="633.596" classname="testCases.TC_1_2_ReportHighLevelFunctionality_ReportsDropDown"/>
  <testcase name="tc_1_10_ExportChildCustomerList" time="28.514" classname="testCases.TC_1_10_ExportChildCustomerList"/>
  <testcase name="tc_1_100_Sales_Order_Edit" time="87.12" classname="testCases.TC_1_100_Sales_Order_Edit"/>
  <testcase name="tc_1_32_AgentCreateReassignTicketsfromHelpSpot" time="191.883" classname="testCases.TC_1_32_AgentCreateReassignTicketsfromHelpSpot"/>
  <testcase name="tc_1_11_VerifyFunctionalitiesOnHomePage" time="15.049" classname="testCases.TC_1_11_VerifyFunctionalitiesOnHomePage"/>
  <testcase name="tC_1_52_DIDs_Displayed_Number_Activation" time="12.708" classname="testCases.TC_1_52_DIDs_Displayed_Number_Activation"/>
  <testcase name="tC_1_53_VIPCustomer_Filter_VIP_Types" time="219.235" classname="testCases.TC_1_53_VIPCustomer_Filter_VIP_Types"/>
  <testcase name="tC_1_41_Configur_Project_Components" time="184.521" classname="testCases.TC_1_41_Configur_Project_Components"/>
  <testcase name="@AfterSuite afterSuite" time="0.0" classname="accelerators.TestEngine">
    <ignored/>
  </testcase> <!-- @AfterSuite afterSuite -->
  <testcase name="@AfterSuite afterSuite" time="0.0" classname="accelerators.TestEngine">
    <ignored/>
  </testcase> <!-- @AfterSuite afterSuite -->
  <testcase name="@AfterSuite afterSuite" time="0.0" classname="accelerators.TestEngine">
    <ignored/>
  </testcase> <!-- @AfterSuite afterSuite -->
  <testcase name="@AfterSuite afterSuite" time="0.0" classname="accelerators.TestEngine">
    <ignored/>
  </testcase> <!-- @AfterSuite afterSuite -->
  <testcase name="@AfterSuite afterSuite" time="0.0" classname="accelerators.TestEngine">
    <ignored/>
  </testcase> <!-- @AfterSuite afterSuite -->
  <testcase name="@AfterSuite afterSuite" time="0.0" classname="accelerators.TestEngine">
    <ignored/>
  </testcase> <!-- @AfterSuite afterSuite -->
  <testcase name="@AfterSuite afterSuite" time="0.0" classname="accelerators.TestEngine">
    <ignored/>
  </testcase> <!-- @AfterSuite afterSuite -->
  <testcase name="@AfterSuite afterSuite" time="0.0" classname="accelerators.TestEngine">
    <ignored/>
  </testcase> <!-- @AfterSuite afterSuite -->
  <testcase name="@BeforeSuite beforeSuite" time="0.0" classname="accelerators.TestEngine">
    <ignored/>
  </testcase> <!-- @BeforeSuite beforeSuite -->
  <testcase name="@BeforeSuite beforeSuite" time="0.0" classname="accelerators.TestEngine">
    <ignored/>
  </testcase> <!-- @BeforeSuite beforeSuite -->
  <testcase name="@BeforeSuite beforeSuite" time="0.0" classname="accelerators.TestEngine">
    <ignored/>
  </testcase> <!-- @BeforeSuite beforeSuite -->
  <testcase name="@BeforeSuite beforeSuite" time="0.0" classname="accelerators.TestEngine">
    <ignored/>
  </testcase> <!-- @BeforeSuite beforeSuite -->
  <testcase name="@BeforeSuite beforeSuite" time="0.0" classname="accelerators.TestEngine">
    <ignored/>
  </testcase> <!-- @BeforeSuite beforeSuite -->
  <testcase name="@BeforeSuite beforeSuite" time="0.0" classname="accelerators.TestEngine">
    <ignored/>
  </testcase> <!-- @BeforeSuite beforeSuite -->
  <testcase name="@BeforeSuite beforeSuite" time="0.0" classname="accelerators.TestEngine">
    <ignored/>
  </testcase> <!-- @BeforeSuite beforeSuite -->
  <testcase name="@BeforeSuite beforeSuite" time="0.0" classname="accelerators.TestEngine">
    <ignored/>
  </testcase> <!-- @BeforeSuite beforeSuite -->
</testsuite> <!-- Test -->
