<?xml version="1.0" encoding="UTF-8"?>
<testng-results skipped="0" failed="0" ignored="0" total="1" passed="1">
  <reporter-output>
  </reporter-output>
  <suite name="Suite" duration-ms="64599" started-at="2018-12-21T04:35:20Z" finished-at="2018-12-21T04:36:24Z">
    <groups>
    </groups>
    <test name="Test" duration-ms="64599" started-at="2018-12-21T04:35:20Z" finished-at="2018-12-21T04:36:24Z">
      <class name="testCases.VerifyAccountsIfActive">
        <test-method status="PASS" signature="beforeSuite()[pri:0, instance:testCases.VerifyAccountsIfActive@32709393]" name="beforeSuite" is-config="true" duration-ms="146" started-at="2018-12-21T04:35:20Z" finished-at="2018-12-21T04:35:20Z">
          <reporter-output>
          </reporter-output>
        </test-method> <!-- beforeSuite -->
        <test-method status="PASS" signature="beforeMethod(java.lang.String, java.lang.String)[pri:0, instance:testCases.VerifyAccountsIfActive@32709393]" name="beforeMethod" is-config="true" duration-ms="10267" started-at="2018-12-21T04:35:20Z" finished-at="2018-12-21T04:35:30Z">
          <params>
            <param index="0">
              <value>
                <![CDATA[chrome]]>
              </value>
            </param>
            <param index="1">
              <value>
                <![CDATA[https://zeus.qa5.vonagenetworks.net]]>
              </value>
            </param>
          </params>
          <reporter-output>
          </reporter-output>
        </test-method> <!-- beforeMethod -->
        <test-method status="PASS" signature="verifyAccountsIfActive(org.testng.ITestContext)[pri:0, instance:testCases.VerifyAccountsIfActive@32709393]" name="verifyAccountsIfActive" duration-ms="53700" started-at="2018-12-21T04:35:30Z" finished-at="2018-12-21T04:36:24Z">
          <params>
            <param index="0">
              <value>
                <![CDATA[org.testng.TestRunner@7fc4780b]]>
              </value>
            </param>
          </params>
          <reporter-output>
          </reporter-output>
        </test-method> <!-- verifyAccountsIfActive -->
        <test-method status="PASS" signature="afterMethod(org.testng.ITestResult)[pri:0, instance:testCases.VerifyAccountsIfActive@32709393]" name="afterMethod" is-config="true" duration-ms="596" started-at="2018-12-21T04:36:24Z" finished-at="2018-12-21T04:36:24Z">
          <params>
            <param index="0">
              <value>
                <![CDATA[[TestResult name=verifyAccountsIfActive status=SUCCESS method=VerifyAccountsIfActive.verifyAccountsIfActive(org.testng.ITestContext)[pri:0, instance:testCases.VerifyAccountsIfActive@32709393] output={null}]]]>
              </value>
            </param>
          </params>
          <reporter-output>
          </reporter-output>
        </test-method> <!-- afterMethod -->
        <test-method status="PASS" signature="afterSuite()[pri:0, instance:testCases.VerifyAccountsIfActive@32709393]" name="afterSuite" is-config="true" duration-ms="811" started-at="2018-12-21T04:36:25Z" finished-at="2018-12-21T04:36:25Z">
          <reporter-output>
          </reporter-output>
        </test-method> <!-- afterSuite -->
      </class> <!-- testCases.VerifyAccountsIfActive -->
    </test> <!-- Test -->
  </suite> <!-- Suite -->
</testng-results>
